<?xml version="1.0" encoding="UTF-8"?>
<!-- Generated by org.testng.reporters.JUnitReportReporter -->
<testsuite hostname="DESKTOP-LN58VUV" failures="0" tests="1" name="datepicker.DaterPickerTest" time="8.748" errors="0" timestamp="2022-03-08T16:39:00 COT" skipped="0">
  <testcase classname="datepicker.DaterPickerTest" name="currentDate" time="8.748"/>
  <system-out/>
</testsuite> <!-- datepicker.DaterPickerTest -->
